<?xml version="1.0" encoding="UTF-8"?>
<testsuite xmlns:xsi="http://www.w3.org/2001/XMLSchema-instance" xsi:noNamespaceSchemaLocation="https://maven.apache.org/surefire/maven-surefire-plugin/xsd/surefire-test-report-3.0.xsd" version="3.0" name="runners.RunnerClass" time="36.436" tests="1" errors="0" skipped="0" failures="0">
  <properties>
[...]
</properties>
  <testcase name="Display the amount summary of all bank customers" classname="This feature gives result of all bank customers total transactions" time="35.883">
    <system-out><![CDATA[
@api
Scenario: Display the amount summary of all bank customers                                      # src/test/resources/features/HackerRank.feature:4
  Given a request is prepared to collect debit and credit amount of bank customers transactions # steps.HackerRankSteps.aRequestIsPreparedToCollectDebitAndCreditAmountOfBankCustomersTransactions()
  When a GET call is made to collect debit and credit amount of bank customers transactions     # steps.HackerRankSteps.aGETCallIsMadeToCollectDebitAndCreditAmountOfBankCustomersTransactions()
  And the total debit and credit transactions collected from bank customers transactions        # steps.HackerRankSteps.theTotalDebitAndCreditTransactionsCollectedFromBankCustomersTransactions()
User Id: 1 - Total amount in the account: $47,508.00
User Id: 2 - Total amount in the account: $15,400.00
User Id: 3 - Total amount in the account: -$11,278.00
User Id: 4 - Total amount in the account: -$26,329.00
  Then the result of bank customer total transaction summary displayed in the console code      # steps.HackerRankSteps.theResultOfBankCustomerTotalTransactionSummaryDisplayedInTheConsoleCode()
]]></system-out>
    <system-err><![CDATA[SLF4J: Failed to load class "org.slf4j.impl.StaticLoggerBinder".
SLF4J: Defaulting to no-operation (NOP) logger implementation
SLF4J: See http://www.slf4j.org/codes.html#StaticLoggerBinder for further details.
]]></system-err>
  </testcase>
</testsuite>